app/build/intermediates/manifest_merge_blame_file/debug/manifest-merger-blame-debug-report.txt
1<?xml version="1.0" encoding="utf-8"?>
2<manifest xmlns:android="http://schemas.android.com/apk/res/android"
3    package="it.polito.mad.carpooling"
4    android:versionCode="1"
5    android:versionName="1.0" >
6
7    <uses-sdk
8        android:minSdkVersion="16"
8-->src\main\AndroidManifest.xml
9        android:targetSdkVersion="30" />
9-->src\main\AndroidManifest.xml
10
11    <uses-feature
11-->src\main\AndroidManifest.xml:6:5-7:35
12        android:name="android.hardware.camera"
12-->src\main\AndroidManifest.xml:6:19-57
13        android:required="true" />
13-->src\main\AndroidManifest.xml:7:9-32
14
15    <queries>
15-->src\main\AndroidManifest.xml:9:5-13:15
16        <intent>
16-->src\main\AndroidManifest.xml:10:9-12:18
17            <action android:name="android.media.action.IMAGE_CAPTURE" />
17-->src\main\AndroidManifest.xml:11:13-73
17-->src\main\AndroidManifest.xml:11:21-70
18        </intent>
19    </queries>
20
21    <uses-permission android:name="android.permission.READ_EXTERNAL_STORAGE" />
21-->src\main\AndroidManifest.xml:15:5-80
21-->src\main\AndroidManifest.xml:15:22-77
22    <uses-permission android:name="android.permission.WRITE_EXTERNAL_STORAGE" />
22-->src\main\AndroidManifest.xml:16:5-81
22-->src\main\AndroidManifest.xml:16:22-78
23
24    <application
24-->src\main\AndroidManifest.xml:20:5-49:19
25        android:allowBackup="true"
25-->src\main\AndroidManifest.xml:21:9-35
26        android:appComponentFactory="androidx.core.app.CoreComponentFactory"
26-->[androidx.core:core:1.3.2] AndroidManifest.xml:24:18-86
27        android:debuggable="true"
28        android:icon="@mipmap/ic_launcher"
28-->src\main\AndroidManifest.xml:22:9-43
29        android:label="@string/app_name"
29-->src\main\AndroidManifest.xml:23:9-41
30        android:roundIcon="@mipmap/ic_launcher_round"
30-->src\main\AndroidManifest.xml:24:9-54
31        android:supportsRtl="true"
31-->src\main\AndroidManifest.xml:25:9-35
32        android:testOnly="true"
33        android:theme="@style/Theme.CarPooling" >
33-->src\main\AndroidManifest.xml:26:9-48
34        <provider
34-->src\main\AndroidManifest.xml:27:9-35:20
35            android:name="androidx.core.content.FileProvider"
35-->src\main\AndroidManifest.xml:28:13-62
36            android:authorities="com.example.android.fileprovider"
36-->src\main\AndroidManifest.xml:29:13-67
37            android:exported="false"
37-->src\main\AndroidManifest.xml:30:13-37
38            android:grantUriPermissions="true" >
38-->src\main\AndroidManifest.xml:31:13-47
39            <meta-data
39-->src\main\AndroidManifest.xml:32:13-34:64
40                android:name="android.support.FILE_PROVIDER_PATHS"
40-->src\main\AndroidManifest.xml:33:17-67
41                android:resource="@xml/file_paths" />
41-->src\main\AndroidManifest.xml:34:17-51
42        </provider>
43
44        <activity android:name="it.polito.mad.carpooling.EditProfileActivity" >
44-->src\main\AndroidManifest.xml:37:9-41:20
44-->src\main\AndroidManifest.xml:37:19-54
45        </activity>
46        <activity android:name="it.polito.mad.carpooling.ShowProfileActivity" >
46-->src\main\AndroidManifest.xml:42:9-48:20
46-->src\main\AndroidManifest.xml:42:19-54
47            <intent-filter>
47-->src\main\AndroidManifest.xml:43:13-47:29
48                <action android:name="android.intent.action.MAIN" />
48-->src\main\AndroidManifest.xml:44:17-69
48-->src\main\AndroidManifest.xml:44:25-66
49
50                <category android:name="android.intent.category.LAUNCHER" />
50-->src\main\AndroidManifest.xml:46:17-77
50-->src\main\AndroidManifest.xml:46:27-74
51            </intent-filter>
52        </activity>
53    </application>
54
55</manifest>